# JRE version: OpenJDK Runtime Environment (17.0.6) (build 17.0.6+0-b2043.56-10027231)
# Java VM: OpenJDK 64-Bit Server VM (17.0.6+0-b2043.56-10027231, mixed mode, tiered, compressed oops, compressed class ptrs, g1 gc, windows-amd64)
GC Precious Log:
 CPUs: 12 total, 12 available
 Memory: 16291M
 Large Page Support: Disabled
 NUMA Support: Disabled
 Compressed Oops: Enabled (Zero based)
 Heap Region Size: 4M
 Heap Min Capacity: 8M
 Heap Initial Capacity: 256M
 Heap Max Capacity: 8G
 Pre-touch: Disabled
 Parallel Workers: 10
 Concurrent Workers: 3
 Concurrent Refinement Workers: 10
 Periodic GC: Disabled
Heap:
 garbage-first heap   total 303104K, used 150964K [0x0000000600000000, 0x0000000800000000)
  region size 4096K, 4 young (16384K), 3 survivors (12288K)
 Metaspace       used 128385K, committed 129536K, reserved 1163264K
  class space    used 17548K, committed 18176K, reserved 1048576K
GC Heap History (20 events):
Event: 3137.073 GC heap before
{Heap before GC invocations=47 (full 0):
 garbage-first heap   total 266240K, used 215800K [0x0000000600000000, 0x0000000800000000)
  region size 4096K, 25 young (102400K), 2 survivors (8192K)
 Metaspace       used 122707K, committed 123712K, reserved 1163264K
  class space    used 17028K, committed 17536K, reserved 1048576K
}
Event: 3137.079 GC heap after
{Heap after GC invocations=48 (full 0):
 garbage-first heap   total 266240K, used 121825K [0x0000000600000000, 0x0000000800000000)
  region size 4096K, 2 young (8192K), 2 survivors (8192K)
 Metaspace       used 122707K, committed 123712K, reserved 1163264K
  class space    used 17028K, committed 17536K, reserved 1048576K
}
Event: 5405.593 GC heap before
{Heap before GC invocations=48 (full 0):
 garbage-first heap   total 266240K, used 220129K [0x0000000600000000, 0x0000000800000000)
  region size 4096K, 26 young (106496K), 2 survivors (8192K)
 Metaspace       used 123218K, committed 124288K, reserved 1163264K
  class space    used 17067K, committed 17600K, reserved 1048576K
}
Event: 5405.599 GC heap after
{Heap after GC invocations=49 (full 0):
 garbage-first heap   total 266240K, used 126705K [0x0000000600000000, 0x0000000800000000)
  region size 4096K, 3 young (12288K), 3 survivors (12288K)
 Metaspace       used 123218K, committed 124288K, reserved 1163264K
  class space    used 17067K, committed 17600K, reserved 1048576K
}
Event: 5406.204 GC heap before
{Heap before GC invocations=49 (full 0):
 garbage-first heap   total 266240K, used 216817K [0x0000000600000000, 0x0000000800000000)
  region size 4096K, 26 young (106496K), 3 survivors (12288K)
 Metaspace       used 123568K, committed 124544K, reserved 1163264K
  class space    used 17079K, committed 17600K, reserved 1048576K
}
Event: 5406.212 GC heap after
{Heap after GC invocations=50 (full 0):
 garbage-first heap   total 266240K, used 133635K [0x0000000600000000, 0x0000000800000000)
  region size 4096K, 4 young (16384K), 4 survivors (16384K)
 Metaspace       used 123568K, committed 124544K, reserved 1163264K
  class space    used 17079K, committed 17600K, reserved 1048576K
}
Event: 5418.021 GC heap before
{Heap before GC invocations=50 (full 0):
 garbage-first heap   total 266240K, used 211459K [0x0000000600000000, 0x0000000800000000)
  region size 4096K, 24 young (98304K), 4 survivors (16384K)
 Metaspace       used 127180K, committed 128256K, reserved 1163264K
  class space    used 17502K, committed 18048K, reserved 1048576K
}
Event: 5418.030 GC heap after
{Heap after GC invocations=51 (full 0):
 garbage-first heap   total 266240K, used 140115K [0x0000000600000000, 0x0000000800000000)
  region size 4096K, 2 young (8192K), 2 survivors (8192K)
 Metaspace       used 127180K, committed 128256K, reserved 1163264K
  class space    used 17502K, committed 18048K, reserved 1048576K
}
Event: 5418.095 GC heap before
{Heap before GC invocations=51 (full 0):
 garbage-first heap   total 266240K, used 213843K [0x0000000600000000, 0x0000000800000000)
  region size 4096K, 21 young (86016K), 2 survivors (8192K)
 Metaspace       used 127344K, committed 128384K, reserved 1163264K
  class space    used 17526K, committed 18048K, reserved 1048576K
}
Event: 5418.100 GC heap after
{Heap after GC invocations=52 (full 0):
 garbage-first heap   total 266240K, used 160429K [0x0000000600000000, 0x0000000800000000)
  region size 4096K, 3 young (12288K), 3 survivors (12288K)
 Metaspace       used 127344K, committed 128384K, reserved 1163264K
  class space    used 17526K, committed 18048K, reserved 1048576K
}
Event: 5444.514 GC heap before
{Heap before GC invocations=53 (full 0):
 garbage-first heap   total 303104K, used 205485K [0x0000000600000000, 0x0000000800000000)
  region size 4096K, 15 young (61440K), 3 survivors (12288K)
 Metaspace       used 127662K, committed 128704K, reserved 1163264K
  class space    used 17568K, committed 18112K, reserved 1048576K
}
Event: 5444.517 GC heap after
{Heap after GC invocations=54 (full 0):
 garbage-first heap   total 303104K, used 152483K [0x0000000600000000, 0x0000000800000000)
  region size 4096K, 1 young (4096K), 1 survivors (4096K)
 Metaspace       used 127662K, committed 128704K, reserved 1163264K
  class space    used 17568K, committed 18112K, reserved 1048576K
}
Event: 5444.828 GC heap before
{Heap before GC invocations=54 (full 0):
 garbage-first heap   total 303104K, used 238499K [0x0000000600000000, 0x0000000800000000)
  region size 4096K, 22 young (90112K), 1 survivors (4096K)
 Metaspace       used 127852K, committed 128960K, reserved 1163264K
  class space    used 17575K, committed 18112K, reserved 1048576K
}
Event: 5444.833 GC heap after
{Heap after GC invocations=55 (full 0):
 garbage-first heap   total 303104K, used 157641K [0x0000000600000000, 0x0000000800000000)
  region size 4096K, 3 young (12288K), 3 survivors (12288K)
 Metaspace       used 127852K, committed 128960K, reserved 1163264K
  class space    used 17575K, committed 18112K, reserved 1048576K
}
Event: 5445.812 GC heap before
{Heap before GC invocations=56 (full 0):
 garbage-first heap   total 303104K, used 235465K [0x0000000600000000, 0x0000000800000000)
  region size 4096K, 23 young (94208K), 3 survivors (12288K)
 Metaspace       used 128268K, committed 129344K, reserved 1163264K
  class space    used 17599K, committed 18176K, reserved 1048576K
}
Event: 5445.814 GC heap after
{Heap after GC invocations=57 (full 0):
 garbage-first heap   total 303104K, used 152485K [0x0000000600000000, 0x0000000800000000)
  region size 4096K, 1 young (4096K), 1 survivors (4096K)
 Metaspace       used 128268K, committed 129344K, reserved 1163264K
  class space    used 17599K, committed 18176K, reserved 1048576K
}
Event: 5621.069 GC heap before
{Heap before GC invocations=57 (full 0):
 garbage-first heap   total 303104K, used 160677K [0x0000000600000000, 0x0000000800000000)
  region size 4096K, 3 young (12288K), 1 survivors (4096K)
 Metaspace       used 128270K, committed 129344K, reserved 1163264K
  class space    used 17599K, committed 18176K, reserved 1048576K
}
Event: 5621.074 GC heap after
{Heap after GC invocations=58 (full 0):
 garbage-first heap   total 303104K, used 141297K [0x0000000600000000, 0x0000000800000000)
  region size 4096K, 1 young (4096K), 1 survivors (4096K)
 Metaspace       used 128270K, committed 129344K, reserved 1163264K
  class space    used 17599K, committed 18176K, reserved 1048576K
}
Event: 9492.168 GC heap before
{Heap before GC invocations=58 (full 0):
 garbage-first heap   total 303104K, used 243697K [0x0000000600000000, 0x0000000800000000)
  region size 4096K, 26 young (106496K), 1 survivors (4096K)
 Metaspace       used 128333K, committed 129408K, reserved 1163264K
  class space    used 17603K, committed 18176K, reserved 1048576K
}
Event: 9493.157 GC heap after
{Heap after GC invocations=59 (full 0):
 garbage-first heap   total 303104K, used 143909K [0x0000000600000000, 0x0000000800000000)
  region size 4096K, 2 young (8192K), 2 survivors (8192K)
 Metaspace       used 128333K, committed 129408K, reserved 1163264K
  class space    used 17603K, committed 18176K, reserved 1048576K
}

